<?xml version="1.0" encoding="UTF-8"?>
<robot generator="Robot 3.2.1 (Python 3.8.2 on linux)" generated="20200529 16:18:30.556" rpa="false">
<suite id="s1" name="Tc1" source="/home/elsys/PycharmProjects/robot_frame_001/Testcases/tc1.robot">
<test id="s1-t1" name="Open_Page">
<kw name="Open_browser_page">
<kw name="Open Browser" library="SeleniumLibrary">
<doc>Opens a new browser instance to the given ``url``.</doc>
<arguments>
<arg>${URL}</arg>
<arg>${browser}</arg>
</arguments>
<msg timestamp="20200529 16:18:30.742" level="INFO">Opening browser 'headLessChrome' to base url 'https://demo.nopcommerce.com/'.</msg>
<status status="PASS" starttime="20200529 16:18:30.742" endtime="20200529 16:18:35.578"></status>
</kw>
<kw name="Maximize Browser Window" library="SeleniumLibrary">
<doc>Maximizes current browser window.</doc>
<status status="PASS" starttime="20200529 16:18:35.578" endtime="20200529 16:18:35.686"></status>
</kw>
<kw name="Sleep" library="BuiltIn">
<doc>Pauses the test executed for the given time.</doc>
<arguments>
<arg>1</arg>
</arguments>
<msg timestamp="20200529 16:18:36.687" level="INFO">Slept 1 second</msg>
<status status="PASS" starttime="20200529 16:18:35.686" endtime="20200529 16:18:36.687"></status>
</kw>
<kw name="Set Selenium Speed" library="SeleniumLibrary">
<doc>Sets the delay that is waited after each Selenium command.</doc>
<arguments>
<arg>0.5</arg>
</arguments>
<status status="PASS" starttime="20200529 16:18:36.688" endtime="20200529 16:18:36.689"></status>
</kw>
<kw name="Click Link" library="SeleniumLibrary">
<doc>Clicks a link identified by ``locator``.</doc>
<arguments>
<arg>xpath://a[@class='ico-login']</arg>
</arguments>
<msg timestamp="20200529 16:18:36.689" level="INFO">Clicking link 'xpath://a[@class='ico-login']'.</msg>
<status status="PASS" starttime="20200529 16:18:36.689" endtime="20200529 16:18:40.536"></status>
</kw>
<kw name="Input Text" library="SeleniumLibrary">
<doc>Types the given ``text`` into text field identified by ``locator``.</doc>
<arguments>
<arg>id:Email</arg>
<arg>vinicius.mpinho@gmail.com</arg>
</arguments>
<msg timestamp="20200529 16:18:40.537" level="INFO">Typing text 'vinicius.mpinho@gmail.com' into text field 'id:Email'.</msg>
<status status="PASS" starttime="20200529 16:18:40.536" endtime="20200529 16:18:42.290"></status>
</kw>
<kw name="Input Text" library="SeleniumLibrary">
<doc>Types the given ``text`` into text field identified by ``locator``.</doc>
<arguments>
<arg>id:Password</arg>
<arg>123mudar</arg>
</arguments>
<msg timestamp="20200529 16:18:42.291" level="INFO">Typing text '123mudar' into text field 'id:Password'.</msg>
<status status="PASS" starttime="20200529 16:18:42.290" endtime="20200529 16:18:44.002"></status>
</kw>
<kw name="Sleep" library="BuiltIn">
<doc>Pauses the test executed for the given time.</doc>
<arguments>
<arg>1</arg>
</arguments>
<msg timestamp="20200529 16:18:45.003" level="INFO">Slept 1 second</msg>
<status status="PASS" starttime="20200529 16:18:44.002" endtime="20200529 16:18:45.003"></status>
</kw>
<status status="PASS" starttime="20200529 16:18:30.741" endtime="20200529 16:18:45.004"></status>
</kw>
<kw name="Sleep" library="BuiltIn">
<doc>Pauses the test executed for the given time.</doc>
<arguments>
<arg>5</arg>
</arguments>
<msg timestamp="20200529 16:18:50.012" level="INFO">Slept 5 seconds</msg>
<status status="PASS" starttime="20200529 16:18:45.004" endtime="20200529 16:18:50.012"></status>
</kw>
<status status="PASS" starttime="20200529 16:18:30.739" endtime="20200529 16:18:50.013" critical="yes"></status>
</test>
<test id="s1-t2" name="Click_logout_page">
<kw name="click_logout_button">
<kw name="Sleep" library="BuiltIn">
<doc>Pauses the test executed for the given time.</doc>
<arguments>
<arg>1</arg>
</arguments>
<msg timestamp="20200529 16:18:51.021" level="INFO">Slept 1 second</msg>
<status status="PASS" starttime="20200529 16:18:50.020" endtime="20200529 16:18:51.022"></status>
</kw>
<status status="PASS" starttime="20200529 16:18:50.019" endtime="20200529 16:18:51.023"></status>
</kw>
<status status="PASS" starttime="20200529 16:18:50.017" endtime="20200529 16:18:51.024" critical="yes"></status>
</test>
<test id="s1-t3" name="Close_navigator">
<kw name="Close_pages_browser">
<kw name="Close Browser" library="SeleniumLibrary">
<doc>Closes the current browser.</doc>
<status status="PASS" starttime="20200529 16:18:51.042" endtime="20200529 16:18:51.614"></status>
</kw>
<status status="PASS" starttime="20200529 16:18:51.038" endtime="20200529 16:18:51.615"></status>
</kw>
<status status="PASS" starttime="20200529 16:18:51.035" endtime="20200529 16:18:51.616" critical="yes"></status>
</test>
<status status="PASS" starttime="20200529 16:18:30.557" endtime="20200529 16:18:51.619"></status>
</suite>
<statistics>
<total>
<stat pass="3" fail="0">Critical Tests</stat>
<stat pass="3" fail="0">All Tests</stat>
</total>
<tag>
</tag>
<suite>
<stat pass="3" fail="0" id="s1" name="Tc1">Tc1</stat>
</suite>
</statistics>
<errors>
</errors>
</robot>
