<?xml version="1.0" encoding="UTF-8"?>
<robot generator="Robot 3.2.1 (Python 3.8.2 on linux)" generated="20200528 20:15:35.892" rpa="false">
<suite id="s1" name="Firefox Tc1" source="/home/elsys/Documents/robot_framework/Testcases/firefox_tc1.robot">
<test id="s1-t1" name="Open_Page">
<kw name="Open_browser_page">
<kw name="Open Browser" library="SeleniumLibrary">
<doc>Opens a new browser instance to the given ``url``.</doc>
<arguments>
<arg>${URL}</arg>
<arg>${browser}</arg>
</arguments>
<msg timestamp="20200528 20:15:35.984" level="INFO">Opening browser 'Firefox' to base url 'https://demo.nopcommerce.com/'.</msg>
<status status="PASS" starttime="20200528 20:15:35.983" endtime="20200528 20:15:44.233"></status>
</kw>
<kw name="Maximize Browser Window" library="SeleniumLibrary">
<doc>Maximizes current browser window.</doc>
<status status="PASS" starttime="20200528 20:15:44.233" endtime="20200528 20:15:44.239"></status>
</kw>
<kw name="Sleep" library="BuiltIn">
<doc>Pauses the test executed for the given time.</doc>
<arguments>
<arg>1</arg>
</arguments>
<msg timestamp="20200528 20:15:45.239" level="INFO">Slept 1 second</msg>
<status status="PASS" starttime="20200528 20:15:44.239" endtime="20200528 20:15:45.239"></status>
</kw>
<kw name="Set Selenium Speed" library="SeleniumLibrary">
<doc>Sets the delay that is waited after each Selenium command.</doc>
<arguments>
<arg>0.4</arg>
</arguments>
<status status="PASS" starttime="20200528 20:15:45.240" endtime="20200528 20:15:45.240"></status>
</kw>
<kw name="Click Link" library="SeleniumLibrary">
<doc>Clicks a link identified by ``locator``.</doc>
<arguments>
<arg>xpath://a[@class='ico-login']</arg>
</arguments>
<msg timestamp="20200528 20:15:45.240" level="INFO">Clicking link 'xpath://a[@class='ico-login']'.</msg>
<status status="PASS" starttime="20200528 20:15:45.240" endtime="20200528 20:15:48.463"></status>
</kw>
<kw name="Input Text" library="SeleniumLibrary">
<doc>Types the given ``text`` into text field identified by ``locator``.</doc>
<arguments>
<arg>id:Email</arg>
<arg>vinicius.mpinho@gmail.com</arg>
</arguments>
<msg timestamp="20200528 20:15:48.463" level="INFO">Typing text 'vinicius.mpinho@gmail.com' into text field 'id:Email'.</msg>
<status status="PASS" starttime="20200528 20:15:48.463" endtime="20200528 20:15:49.737"></status>
</kw>
<kw name="Input Text" library="SeleniumLibrary">
<doc>Types the given ``text`` into text field identified by ``locator``.</doc>
<arguments>
<arg>id:Password</arg>
<arg>123mudar</arg>
</arguments>
<msg timestamp="20200528 20:15:49.738" level="INFO">Typing text '123mudar' into text field 'id:Password'.</msg>
<status status="PASS" starttime="20200528 20:15:49.738" endtime="20200528 20:15:50.970"></status>
</kw>
<kw name="Sleep" library="BuiltIn">
<doc>Pauses the test executed for the given time.</doc>
<arguments>
<arg>1</arg>
</arguments>
<msg timestamp="20200528 20:15:51.971" level="INFO">Slept 1 second</msg>
<status status="PASS" starttime="20200528 20:15:50.971" endtime="20200528 20:15:51.971"></status>
</kw>
<status status="PASS" starttime="20200528 20:15:35.983" endtime="20200528 20:15:51.971"></status>
</kw>
<kw name="Sleep" library="BuiltIn">
<doc>Pauses the test executed for the given time.</doc>
<arguments>
<arg>5</arg>
</arguments>
<msg timestamp="20200528 20:15:56.972" level="INFO">Slept 5 seconds</msg>
<status status="PASS" starttime="20200528 20:15:51.972" endtime="20200528 20:15:56.972"></status>
</kw>
<status status="PASS" starttime="20200528 20:15:35.983" endtime="20200528 20:15:56.973" critical="yes"></status>
</test>
<test id="s1-t2" name="Click_logout_page">
<kw name="click_logout_button">
<kw name="Sleep" library="BuiltIn">
<doc>Pauses the test executed for the given time.</doc>
<arguments>
<arg>1</arg>
</arguments>
<msg timestamp="20200528 20:15:57.978" level="INFO">Slept 1 second</msg>
<status status="PASS" starttime="20200528 20:15:56.977" endtime="20200528 20:15:57.979"></status>
</kw>
<status status="PASS" starttime="20200528 20:15:56.976" endtime="20200528 20:15:57.980"></status>
</kw>
<status status="PASS" starttime="20200528 20:15:56.974" endtime="20200528 20:15:57.981" critical="yes"></status>
</test>
<test id="s1-t3" name="Close_navigator">
<kw name="Close_pages_browser">
<kw name="Close Browser" library="SeleniumLibrary">
<doc>Closes the current browser.</doc>
<status status="PASS" starttime="20200528 20:15:57.986" endtime="20200528 20:16:06.181"></status>
</kw>
<status status="PASS" starttime="20200528 20:15:57.985" endtime="20200528 20:16:06.182"></status>
</kw>
<status status="PASS" starttime="20200528 20:15:57.983" endtime="20200528 20:16:06.189" critical="yes"></status>
</test>
<status status="PASS" starttime="20200528 20:15:35.893" endtime="20200528 20:16:06.191"></status>
</suite>
<statistics>
<total>
<stat pass="3" fail="0">Critical Tests</stat>
<stat pass="3" fail="0">All Tests</stat>
</total>
<tag>
</tag>
<suite>
<stat pass="3" fail="0" id="s1" name="Firefox Tc1">Firefox Tc1</stat>
</suite>
</statistics>
<errors>
</errors>
</robot>
